SF:lib\candidates\services\auth_service.dart
DA:15,1
DA:24,3
DA:25,1
DA:26,1
DA:37,0
DA:45,1
DA:51,2
DA:52,1
DA:53,1
DA:54,1
DA:64,0
LF:11
LH:9
end_of_record
SF:lib\utils\util.dart
DA:11,2
DA:12,2
DA:18,0
DA:24,0
DA:28,0
DA:29,0
DA:30,0
DA:31,0
DA:33,0
DA:34,0
DA:35,0
DA:36,0
DA:39,0
DA:43,7
DA:48,21
DA:49,7
DA:50,7
DA:52,7
DA:64,0
DA:65,0
DA:67,0
DA:68,0
DA:73,0
DA:74,0
DA:76,0
DA:77,0
LF:26
LH:7
end_of_record
SF:lib\candidates\controllers\validator_controller.dart
DA:8,2
DA:9,2
DA:10,4
DA:12,2
DA:16,2
DA:17,2
DA:19,2
DA:20,4
DA:24,2
DA:27,2
DA:28,4
DA:29,2
DA:30,2
DA:32,2
DA:35,0
LF:15
LH:14
end_of_record
SF:lib\candidates\controllers\profile_certification_controller.dart
DA:11,1
DA:13,2
DA:15,1
DA:16,2
DA:18,2
DA:22,1
DA:23,2
DA:25,1
DA:26,2
DA:28,2
DA:33,2
DA:34,10
LF:12
LH:12
end_of_record
SF:lib\candidates\controllers\profile_personal_info_controller.dart
DA:12,1
DA:14,2
DA:16,1
DA:17,2
DA:19,2
DA:24,1
DA:26,2
DA:28,1
DA:29,2
DA:31,2
DA:36,2
DA:38,4
DA:40,5
DA:41,2
DA:43,4
DA:48,1
DA:50,2
DA:52,1
DA:53,2
DA:55,2
DA:61,2
DA:63,12
DA:70,1
DA:72,2
DA:74,1
DA:75,2
DA:77,2
LF:27
LH:27
end_of_record
SF:lib\candidates\controllers\profile_school_controller.dart
DA:12,2
DA:13,4
DA:14,2
DA:15,2
DA:16,2
DA:17,2
DA:24,1
DA:25,2
DA:27,1
DA:28,2
DA:30,2
DA:34,1
DA:35,2
DA:37,1
DA:38,2
DA:40,0
DA:44,1
DA:45,2
DA:47,1
DA:48,2
DA:50,2
DA:54,0
DA:55,0
LF:23
LH:20
end_of_record
SF:lib\candidates\controllers\profile_work_controller.dart
DA:27,1
DA:28,2
DA:30,1
DA:31,2
DA:33,2
DA:37,1
DA:38,2
DA:40,1
DA:41,2
DA:43,2
DA:47,1
DA:48,2
DA:49,1
DA:50,2
DA:52,2
DA:56,2
DA:57,10
LF:17
LH:17
end_of_record
SF:lib\candidates\services\candidate_performance_service.dart
DA:9,0
DA:11,0
DA:12,0
DA:14,0
DA:15,0
DA:16,0
DA:18,0
DA:19,0
DA:22,0
DA:24,0
DA:28,0
DA:30,0
DA:31,0
DA:33,0
DA:34,0
DA:35,0
DA:37,0
DA:38,0
DA:41,0
DA:43,0
LF:20
LH:0
end_of_record
SF:lib\candidates\services\cv_service.dart
DA:9,0
DA:19,0
DA:20,0
DA:21,0
DA:22,0
DA:34,0
DA:38,0
DA:47,0
DA:48,0
DA:49,0
DA:50,0
DA:61,0
DA:65,0
DA:73,0
DA:74,0
DA:75,0
DA:76,0
DA:86,0
DA:90,0
DA:99,0
DA:100,0
DA:101,0
DA:102,0
DA:113,0
DA:117,0
DA:119,0
DA:120,0
DA:122,0
DA:123,0
DA:124,0
DA:126,0
DA:127,0
DA:130,0
DA:132,0
DA:136,0
DA:138,0
DA:139,0
DA:141,0
DA:142,0
DA:143,0
DA:145,0
DA:146,0
DA:149,0
DA:151,0
DA:155,0
DA:157,0
DA:158,0
DA:160,0
DA:161,0
DA:162,0
DA:164,0
DA:165,0
DA:168,0
DA:170,0
DA:174,0
DA:176,0
DA:177,0
DA:179,0
DA:180,0
DA:181,0
DA:183,0
DA:184,0
DA:187,0
DA:189,0
LF:64
LH:0
end_of_record
SF:lib\candidates\services\interview_service.dart
DA:9,0
DA:11,0
DA:12,0
DA:14,0
DA:15,0
DA:16,0
DA:18,0
DA:19,0
DA:22,0
DA:24,0
LF:10
LH:0
end_of_record
SF:lib\candidates\views\Education.dart
DA:16,1
DA:20,1
DA:22,1
DA:23,1
DA:24,1
DA:25,1
DA:26,2
DA:27,1
DA:29,1
DA:35,1
DA:36,1
DA:37,3
DA:39,1
DA:40,1
DA:42,0
DA:43,0
DA:44,1
DA:45,1
DA:46,1
DA:49,1
DA:50,1
DA:54,1
DA:55,3
DA:56,1
DA:58,3
DA:59,1
DA:64,3
DA:65,1
DA:67,3
DA:68,1
DA:73,3
DA:74,1
DA:76,1
DA:77,3
DA:78,1
DA:79,1
DA:84,3
DA:85,1
DA:87,1
DA:88,3
DA:89,1
DA:90,1
DA:95,1
DA:96,3
DA:97,0
DA:99,1
DA:109,1
DA:110,1
DA:111,2
DA:112,0
DA:114,0
DA:126,0
DA:127,0
LF:53
LH:46
end_of_record
SF:lib\common_widgets\widgets.dart
DA:22,8
DA:24,8
DA:26,0
DA:28,0
DA:29,0
DA:31,0
DA:32,0
DA:33,0
DA:35,0
DA:36,0
DA:38,0
DA:39,0
DA:40,0
DA:47,8
DA:48,8
DA:49,8
DA:51,8
DA:52,8
DA:53,16
DA:54,8
DA:55,8
DA:56,16
DA:57,8
DA:58,8
DA:59,16
DA:65,6
DA:67,6
DA:69,0
DA:71,0
DA:72,0
DA:74,0
DA:76,0
DA:78,0
DA:80,0
DA:83,0
DA:89,6
DA:90,6
DA:91,6
DA:92,6
DA:93,6
DA:94,12
DA:95,6
DA:96,6
DA:97,12
DA:106,1
DA:108,1
DA:111,1
DA:112,1
DA:113,1
DA:117,1
DA:118,1
DA:119,1
DA:121,1
DA:128,1
DA:129,1
DA:131,2
DA:133,3
DA:140,1
DA:142,1
DA:145,1
DA:146,1
DA:147,1
DA:151,1
DA:152,1
DA:153,1
DA:155,1
DA:162,1
DA:164,1
DA:166,1
DA:168,3
DA:170,1
DA:171,1
DA:173,1
DA:175,3
DA:182,1
DA:184,1
DA:187,1
DA:188,1
DA:189,1
DA:193,1
DA:194,1
DA:195,1
DA:197,1
DA:204,1
DA:205,1
DA:207,2
DA:209,3
DA:211,1
DA:214,1
DA:215,1
DA:217,2
DA:219,3
DA:226,14
DA:227,14
DA:228,14
DA:229,14
DA:230,0
DA:233,14
DA:234,0
DA:238,14
DA:240,28
DA:242,0
DA:243,0
DA:244,0
DA:247,0
DA:251,0
DA:252,0
DA:253,0
DA:254,0
DA:255,0
LF:110
LH:80
end_of_record
SF:lib\candidates\views\candidate_list_performance.dart
DA:9,1
DA:13,1
DA:15,1
DA:16,1
DA:17,1
DA:18,1
DA:19,2
DA:20,1
DA:21,1
DA:25,1
DA:28,1
DA:30,1
DA:31,1
DA:35,1
DA:36,1
DA:37,1
DA:38,2
DA:39,1
DA:41,1
DA:42,1
DA:43,3
DA:44,4
DA:45,1
DA:46,3
LF:24
LH:24
end_of_record
SF:lib\utils\performance_candidate_data.dart
DA:5,1
DA:10,1
DA:12,1
DA:13,2
DA:14,1
DA:17,1
DA:19,1
DA:20,1
DA:21,5
DA:22,1
DA:23,4
DA:25,1
DA:26,4
LF:13
LH:13
end_of_record
SF:lib\candidates\views\certification.dart
DA:14,1
DA:18,1
DA:20,1
DA:21,1
DA:22,1
DA:23,1
DA:24,2
DA:25,1
DA:27,1
DA:33,1
DA:34,1
DA:36,1
DA:37,1
DA:38,0
DA:40,1
DA:41,1
DA:42,1
DA:45,1
DA:46,1
DA:48,1
DA:49,3
DA:50,1
DA:52,3
DA:53,1
DA:58,3
DA:59,1
DA:61,3
DA:62,1
DA:67,3
DA:68,1
DA:70,1
DA:71,1
DA:72,2
DA:73,1
DA:74,1
DA:79,3
DA:80,1
DA:82,1
DA:83,3
DA:84,1
DA:85,1
DA:94,0
DA:95,0
LF:43
LH:40
end_of_record
SF:lib\candidates\views\dashboard.dart
DA:13,1
DA:15,1
DA:17,1
DA:18,1
DA:19,1
DA:20,1
DA:21,1
DA:22,1
DA:26,1
DA:27,1
DA:28,1
DA:29,2
DA:36,1
DA:37,2
DA:38,0
DA:39,0
DA:41,1
DA:44,1
DA:45,2
DA:46,0
DA:47,0
DA:50,1
DA:53,3
DA:54,0
DA:55,0
DA:56,0
DA:64,1
LF:27
LH:20
end_of_record
SF:lib\candidates\views\list_interviews.dart
DA:10,0
DA:14,0
DA:16,0
DA:17,0
DA:18,0
DA:19,0
DA:20,0
DA:21,0
DA:22,0
DA:26,0
DA:28,0
DA:30,0
DA:31,0
DA:35,0
DA:36,0
DA:37,0
DA:38,0
DA:40,0
DA:41,0
DA:42,0
DA:43,0
DA:44,0
DA:45,0
DA:47,0
DA:48,0
LF:25
LH:0
end_of_record
SF:lib\candidates\views\test_results.dart
DA:9,1
DA:13,1
DA:15,1
DA:16,1
DA:17,1
DA:18,1
DA:19,2
DA:20,1
DA:21,1
DA:25,1
DA:27,1
DA:29,1
DA:30,1
DA:34,1
DA:35,1
DA:36,3
DA:37,1
DA:39,1
DA:40,1
DA:41,3
DA:42,1
DA:43,3
DA:44,4
DA:45,4
DA:46,1
DA:47,3
LF:26
LH:26
end_of_record
SF:lib\candidates\views\experience.dart
DA:17,1
DA:21,1
DA:23,1
DA:24,1
DA:25,1
DA:26,1
DA:27,2
DA:28,1
DA:30,1
DA:31,1
DA:32,1
DA:36,1
DA:37,1
DA:39,1
DA:40,1
DA:41,0
DA:42,0
DA:43,1
DA:44,1
DA:45,1
DA:46,1
DA:47,1
DA:49,1
DA:50,1
DA:53,1
DA:54,3
DA:55,1
DA:59,3
DA:60,1
DA:68,3
DA:69,1
DA:72,1
DA:73,3
DA:74,1
DA:75,1
DA:83,3
DA:84,1
DA:88,1
DA:89,3
DA:90,1
DA:91,1
DA:99,3
DA:100,1
DA:104,1
DA:105,2
DA:106,1
DA:132,1
DA:133,3
DA:134,0
DA:136,1
DA:140,1
DA:141,1
DA:142,2
DA:143,0
DA:145,0
DA:154,0
DA:155,0
LF:57
LH:50
end_of_record
SF:lib\utils\interviews_data.dart
DA:7,0
DA:12,0
DA:14,0
DA:15,0
DA:16,0
DA:19,0
DA:21,0
DA:22,0
DA:23,0
DA:24,0
DA:26,0
DA:27,0
DA:29,0
DA:30,0
DA:33,0
DA:34,0
DA:35,0
DA:36,0
DA:37,0
DA:38,0
DA:39,0
DA:40,0
DA:41,0
DA:42,0
DA:44,0
DA:45,0
DA:48,0
DA:49,0
DA:50,0
DA:52,0
DA:56,0
DA:58,0
DA:60,0
DA:61,0
DA:63,0
DA:64,0
DA:66,0
DA:67,0
DA:68,0
DA:69,0
DA:70,0
DA:71,0
DA:72,0
DA:77,0
DA:79,0
DA:80,0
DA:81,0
DA:82,0
DA:83,0
DA:84,0
DA:85,0
DA:86,0
DA:87,0
DA:91,0
DA:93,0
DA:94,0
DA:95,0
DA:96,0
DA:97,0
DA:98,0
DA:99,0
DA:100,0
DA:101,0
DA:105,0
DA:107,0
DA:108,0
DA:109,0
DA:124,0
DA:126,0
DA:128,0
DA:135,0
DA:137,0
DA:138,0
DA:139,0
DA:140,0
DA:142,0
LF:76
LH:0
end_of_record
SF:lib\candidates\views\profile.dart
DA:21,1
DA:25,1
DA:27,1
DA:28,1
DA:29,1
DA:30,1
DA:31,2
DA:32,1
DA:34,1
DA:41,1
DA:43,3
DA:47,1
DA:48,1
DA:49,1
DA:51,1
DA:52,1
DA:53,1
DA:56,1
DA:59,2
DA:67,1
DA:69,0
DA:70,0
DA:72,1
DA:73,1
DA:74,1
DA:75,1
DA:77,1
DA:83,1
DA:85,1
DA:93,1
DA:94,1
DA:103,1
DA:105,1
DA:113,1
DA:114,1
DA:123,1
DA:125,1
DA:133,1
DA:134,1
DA:151,1
DA:152,2
DA:153,0
DA:154,0
DA:155,0
DA:157,0
DA:158,0
DA:163,1
DA:164,2
DA:165,0
DA:166,0
DA:168,0
DA:169,0
DA:170,0
DA:176,1
DA:177,2
DA:178,0
DA:179,0
DA:180,0
DA:182,0
DA:183,0
DA:184,0
LF:61
LH:43
end_of_record
SF:lib\candidates\views\profile_certification_info.dart
DA:19,1
DA:34,1
DA:36,1
DA:37,1
DA:38,1
DA:39,1
DA:40,1
DA:41,1
DA:42,1
DA:43,2
DA:45,1
DA:46,1
DA:48,3
DA:49,1
DA:52,1
DA:54,1
DA:55,1
DA:57,0
DA:58,0
DA:60,1
DA:61,1
DA:62,1
DA:64,2
DA:65,3
DA:67,2
DA:69,2
DA:73,1
DA:75,1
DA:76,1
DA:78,0
DA:79,0
DA:81,1
DA:82,1
DA:83,1
DA:85,2
DA:86,3
DA:88,2
DA:89,2
DA:96,1
DA:98,1
DA:99,1
DA:100,1
DA:102,1
DA:105,1
DA:106,1
DA:107,1
DA:108,1
DA:109,1
DA:110,1
DA:111,1
DA:112,2
DA:113,3
DA:115,2
DA:117,0
DA:118,0
DA:119,0
DA:125,1
DA:126,1
DA:128,1
DA:131,1
DA:132,1
DA:133,1
DA:134,1
DA:135,1
DA:136,1
DA:137,1
DA:138,2
DA:139,3
DA:141,2
DA:143,0
DA:144,0
DA:145,0
DA:155,1
DA:157,1
DA:159,1
DA:161,1
DA:162,2
DA:163,3
DA:164,1
DA:169,0
DA:170,0
DA:172,0
DA:173,0
DA:174,0
DA:175,0
DA:176,0
DA:178,0
DA:180,0
DA:181,0
DA:183,0
DA:184,0
DA:188,0
DA:192,1
DA:193,2
DA:194,1
LF:95
LH:72
end_of_record
SF:lib\candidates\views\profile_personal_info.dart
DA:19,1
DA:34,1
DA:36,1
DA:37,1
DA:38,1
DA:39,1
DA:40,1
DA:41,1
DA:42,1
DA:43,1
DA:44,2
DA:46,1
DA:47,1
DA:49,3
DA:50,1
DA:53,1
DA:54,1
DA:55,1
DA:64,1
DA:66,1
DA:67,1
DA:69,0
DA:70,0
DA:72,1
DA:73,1
DA:74,1
DA:76,2
DA:77,3
DA:79,2
DA:80,2
DA:84,1
DA:87,1
DA:88,1
DA:90,0
DA:91,0
DA:93,1
DA:94,1
DA:95,1
DA:97,2
DA:98,3
DA:100,2
DA:101,2
DA:105,1
DA:109,1
DA:110,1
DA:111,1
DA:112,2
DA:116,1
DA:117,2
DA:119,1
DA:120,1
DA:121,1
DA:123,2
DA:124,3
DA:126,2
DA:127,2
DA:131,1
DA:132,1
DA:134,1
DA:135,1
DA:137,0
DA:138,0
DA:140,1
DA:141,1
DA:142,1
DA:144,2
DA:145,3
DA:147,2
DA:148,2
DA:152,1
DA:156,1
DA:157,1
DA:158,2
DA:159,1
DA:162,1
DA:164,0
DA:165,0
DA:167,1
DA:168,1
DA:169,1
DA:171,2
DA:172,3
DA:174,2
DA:175,2
DA:183,1
DA:185,1
DA:187,1
DA:189,1
DA:190,2
DA:191,3
DA:192,1
DA:198,0
DA:199,0
DA:201,0
DA:202,0
DA:203,0
DA:204,0
DA:205,0
DA:206,0
DA:208,0
DA:210,0
DA:211,0
DA:213,0
DA:214,0
DA:218,0
DA:221,1
DA:222,2
DA:223,1
LF:108
LH:86
end_of_record
SF:lib\candidates\views\profile_school_info.dart
DA:18,1
DA:35,1
DA:37,1
DA:38,1
DA:39,1
DA:40,1
DA:41,1
DA:42,1
DA:44,1
DA:45,2
DA:47,1
DA:48,1
DA:50,3
DA:51,1
DA:54,1
DA:56,1
DA:57,1
DA:59,0
DA:60,0
DA:62,1
DA:63,1
DA:64,1
DA:66,2
DA:67,3
DA:69,2
DA:70,2
DA:74,1
DA:76,1
DA:77,1
DA:79,0
DA:80,0
DA:82,1
DA:83,1
DA:84,1
DA:86,2
DA:87,3
DA:89,2
DA:90,2
DA:97,1
DA:99,1
DA:100,1
DA:101,1
DA:103,1
DA:106,1
DA:107,1
DA:108,1
DA:109,1
DA:110,1
DA:111,1
DA:112,1
DA:113,2
DA:114,3
DA:116,2
DA:118,0
DA:119,0
DA:120,0
DA:126,1
DA:127,1
DA:129,1
DA:132,1
DA:133,1
DA:134,1
DA:135,1
DA:136,1
DA:137,1
DA:138,1
DA:139,2
DA:140,3
DA:142,2
DA:144,0
DA:145,0
DA:146,0
DA:153,1
DA:155,1
DA:156,1
DA:158,0
DA:159,0
DA:161,1
DA:162,1
DA:163,1
DA:165,2
DA:166,3
DA:168,2
DA:169,2
DA:173,1
DA:177,1
DA:179,1
DA:180,3
DA:181,1
DA:182,1
DA:183,1
DA:184,1
DA:186,1
DA:188,1
DA:190,1
DA:191,3
DA:194,5
DA:195,2
DA:208,1
DA:211,3
DA:212,1
DA:216,3
DA:217,1
DA:218,1
DA:222,1
DA:224,0
DA:225,0
DA:227,1
DA:228,3
DA:241,1
DA:243,1
DA:245,1
DA:247,1
DA:248,2
DA:249,3
DA:250,1
DA:254,0
DA:255,0
DA:256,0
DA:257,0
DA:259,0
DA:261,0
DA:262,0
DA:263,0
DA:264,0
DA:267,0
DA:269,0
DA:270,0
DA:271,0
DA:273,0
DA:274,0
DA:278,0
DA:282,1
DA:283,2
DA:284,1
LF:135
LH:105
end_of_record
SF:lib\candidates\views\profile_work_info.dart
DA:19,1
DA:49,1
DA:51,1
DA:52,1
DA:53,1
DA:54,1
DA:55,1
DA:56,1
DA:57,1
DA:58,2
DA:60,1
DA:61,1
DA:63,3
DA:64,1
DA:67,1
DA:69,1
DA:70,1
DA:72,0
DA:73,0
DA:75,1
DA:76,1
DA:77,1
DA:79,2
DA:80,3
DA:82,2
DA:83,2
DA:87,1
DA:89,1
DA:90,1
DA:92,0
DA:93,0
DA:95,1
DA:96,1
DA:97,1
DA:99,2
DA:100,3
DA:102,2
DA:103,2
DA:107,1
DA:109,1
DA:110,1
DA:112,0
DA:113,0
DA:115,1
DA:116,1
DA:117,1
DA:119,2
DA:120,3
DA:122,2
DA:123,2
DA:130,1
DA:132,1
DA:133,1
DA:134,1
DA:136,1
DA:139,1
DA:140,1
DA:141,1
DA:142,1
DA:143,1
DA:144,1
DA:145,1
DA:146,2
DA:147,3
DA:149,2
DA:151,0
DA:152,0
DA:153,0
DA:154,0
DA:160,1
DA:161,1
DA:163,1
DA:166,1
DA:167,1
DA:168,1
DA:169,1
DA:170,1
DA:171,1
DA:172,1
DA:173,2
DA:174,3
DA:176,2
DA:178,0
DA:181,0
DA:182,0
DA:183,0
DA:184,0
DA:191,1
DA:194,1
DA:196,1
DA:197,3
DA:198,1
DA:199,1
DA:200,1
DA:201,1
DA:203,1
DA:205,1
DA:207,1
DA:208,3
DA:209,5
DA:210,2
DA:220,1
DA:222,3
DA:223,1
DA:225,3
DA:226,1
DA:227,1
DA:229,1
DA:230,0
DA:231,0
DA:233,4
DA:243,1
DA:245,1
DA:249,1
DA:250,2
DA:251,3
DA:252,1
DA:256,0
DA:257,0
DA:258,0
DA:259,0
DA:261,0
DA:262,0
DA:263,0
DA:264,0
DA:265,0
DA:266,0
DA:269,0
DA:271,0
DA:272,0
DA:274,0
DA:276,0
DA:279,0
DA:283,1
DA:284,2
DA:285,1
LF:136
LH:103
end_of_record
SF:lib\candidates\views\signin.dart
DA:16,1
DA:26,1
DA:28,1
DA:29,1
DA:30,1
DA:31,1
DA:32,4
DA:33,1
DA:34,2
DA:37,1
DA:38,1
DA:39,1
DA:40,1
DA:41,1
DA:42,1
DA:43,1
DA:45,1
DA:46,1
DA:47,1
DA:48,2
DA:49,1
DA:56,1
DA:62,1
DA:63,1
DA:66,1
DA:68,1
DA:69,1
DA:70,1
DA:71,1
DA:78,1
DA:79,1
DA:82,1
DA:84,1
DA:86,1
DA:87,1
DA:88,1
DA:89,2
DA:90,2
DA:96,1
DA:97,1
DA:99,1
DA:101,1
DA:104,1
DA:105,3
DA:106,0
DA:108,0
DA:109,0
DA:110,0
DA:111,0
DA:113,0
DA:115,0
DA:116,0
DA:118,0
DA:119,0
DA:120,0
DA:122,0
DA:124,0
DA:126,0
DA:129,3
DA:130,1
DA:133,1
DA:134,2
DA:135,1
DA:145,1
DA:147,1
DA:149,1
DA:150,3
DA:151,1
DA:152,0
DA:153,0
DA:155,1
DA:156,2
DA:157,1
LF:73
LH:57
end_of_record
SF:lib\candidates\views\signup.dart
DA:14,1
DA:25,1
DA:27,1
DA:28,1
DA:29,1
DA:30,1
DA:31,3
DA:34,1
DA:35,1
DA:36,2
DA:37,1
DA:38,1
DA:40,1
DA:41,1
DA:42,2
DA:43,1
DA:55,1
DA:57,1
DA:59,1
DA:60,1
DA:61,2
DA:63,1
DA:64,1
DA:65,1
DA:68,3
DA:70,2
DA:71,2
DA:77,1
DA:80,1
DA:82,1
DA:83,2
DA:85,1
DA:87,1
DA:88,1
DA:89,1
DA:90,2
DA:91,2
DA:92,3
DA:94,1
DA:95,1
DA:100,1
DA:103,1
DA:104,1
DA:106,1
DA:107,2
DA:108,2
DA:111,1
DA:112,1
DA:113,1
DA:114,2
DA:115,2
DA:116,3
DA:118,2
DA:124,1
DA:126,1
DA:128,1
DA:131,1
DA:132,3
DA:133,0
DA:134,0
DA:136,0
DA:137,0
DA:138,0
DA:139,0
DA:141,0
DA:143,0
DA:144,0
DA:145,0
DA:146,0
DA:148,0
DA:151,0
DA:153,0
DA:154,0
DA:155,0
DA:156,0
DA:158,0
DA:161,3
DA:162,1
DA:165,1
DA:166,2
DA:167,1
DA:177,1
DA:179,1
DA:181,1
DA:182,3
DA:183,1
DA:184,0
DA:185,0
DA:187,1
DA:188,2
DA:189,1
LF:91
LH:71
end_of_record
SF:lib\utils\test_result_candidate_data.dart
DA:5,1
DA:10,1
DA:12,1
DA:13,2
DA:14,1
DA:17,1
DA:19,1
DA:20,1
DA:21,5
DA:22,1
DA:23,4
DA:25,1
DA:26,4
DA:28,5
DA:29,1
DA:30,4
LF:16
LH:16
end_of_record
SF:lib\company\services\performance_service.dart
DA:9,0
DA:11,0
DA:12,0
DA:14,0
DA:15,0
DA:16,0
DA:17,0
DA:18,0
DA:21,0
DA:23,0
DA:27,0
DA:33,0
DA:34,0
DA:37,0
DA:38,0
DA:45,0
DA:46,0
DA:47,0
DA:50,0
DA:52,0
DA:56,0
DA:58,0
DA:59,0
DA:61,0
DA:62,0
DA:64,0
DA:66,0
DA:70,0
DA:72,0
DA:73,0
DA:75,0
DA:76,0
DA:77,0
DA:79,0
DA:80,0
DA:82,0
DA:84,0
DA:106,0
DA:109,0
DA:110,0
DA:111,0
DA:112,0
DA:115,0
DA:117,0
DA:118,0
DA:120,0
DA:122,0
DA:126,0
DA:130,0
DA:131,0
DA:134,0
DA:136,0
DA:137,0
DA:139,0
DA:141,0
LF:55
LH:0
end_of_record
SF:lib\company\views\assign_candidate_project.dart
DA:12,1
DA:16,1
DA:18,1
DA:19,1
DA:20,1
DA:21,1
DA:22,1
DA:23,1
DA:24,1
DA:28,1
DA:31,1
DA:33,1
DA:34,1
DA:38,1
DA:39,1
DA:40,3
DA:41,1
DA:43,1
DA:46,1
DA:47,3
DA:51,4
DA:74,1
DA:75,1
DA:76,1
DA:83,1
DA:90,1
DA:97,1
DA:104,1
DA:111,1
DA:118,1
LF:30
LH:30
end_of_record
SF:lib\company\views\company_dashboard.dart
DA:14,1
DA:18,1
DA:19,1
DA:51,1
DA:53,1
DA:55,1
DA:58,1
DA:66,1
DA:68,1
DA:69,1
DA:70,1
DA:72,1
DA:73,1
DA:74,1
DA:75,1
DA:76,1
DA:80,1
DA:81,1
DA:82,1
DA:83,2
DA:90,1
DA:91,3
DA:92,1
DA:93,0
DA:94,0
DA:95,0
DA:107,1
DA:112,1
DA:113,1
DA:115,1
DA:116,1
DA:117,1
DA:119,1
DA:120,1
DA:123,1
DA:124,0
DA:125,0
DA:133,1
DA:134,1
DA:135,1
DA:137,1
DA:138,1
DA:139,1
DA:140,1
DA:142,1
DA:143,2
DA:144,1
DA:145,1
DA:146,2
DA:150,0
DA:151,0
DA:155,1
DA:156,1
DA:157,1
DA:159,1
DA:160,2
DA:161,1
DA:162,1
DA:163,2
DA:167,0
DA:168,0
DA:172,1
DA:173,1
DA:174,1
DA:176,1
DA:177,2
DA:178,1
DA:179,1
DA:180,2
DA:184,0
DA:185,0
DA:189,1
DA:190,1
DA:191,1
DA:192,1
DA:193,2
DA:195,1
DA:196,1
DA:197,2
DA:200,0
DA:201,0
DA:204,0
DA:205,0
DA:208,0
DA:209,0
DA:212,0
DA:213,0
DA:217,1
DA:218,1
DA:219,1
DA:221,1
DA:222,3
DA:228,0
DA:229,0
DA:230,0
DA:231,0
DA:232,0
DA:237,3
LF:98
LH:74
end_of_record
SF:lib\company\views\performance_evaluation.dart
DA:9,1
DA:13,1
DA:15,1
DA:17,1
DA:18,1
DA:19,1
DA:20,2
DA:21,1
DA:22,1
DA:26,1
DA:28,1
DA:29,1
DA:31,1
DA:32,1
DA:36,1
DA:37,1
DA:38,3
DA:39,1
DA:41,1
DA:42,1
DA:43,3
DA:44,1
DA:45,3
DA:46,1
DA:47,3
DA:48,4
DA:49,1
DA:50,3
DA:51,1
DA:52,3
DA:67,0
DA:68,0
DA:69,0
DA:76,0
DA:83,0
DA:90,0
DA:97,0
DA:104,0
DA:111,0
LF:39
LH:30
end_of_record
SF:lib\company\views\search_candidates.dart
DA:20,1
DA:29,1
DA:31,1
DA:32,1
DA:33,1
DA:34,1
DA:36,1
DA:37,1
DA:39,1
DA:40,2
DA:42,1
DA:43,1
DA:45,3
DA:46,1
DA:52,1
DA:56,1
DA:58,1
DA:59,3
DA:60,1
DA:61,1
DA:62,1
DA:63,1
DA:65,1
DA:67,1
DA:69,0
DA:70,0
DA:73,0
DA:74,0
DA:87,1
DA:90,3
DA:91,0
DA:95,0
DA:96,0
DA:97,0
DA:101,0
DA:103,0
DA:104,0
DA:106,0
DA:107,0
DA:120,1
DA:122,1
DA:124,1
DA:126,0
DA:127,0
DA:128,0
DA:129,0
DA:130,0
DA:131,0
DA:134,1
DA:135,2
DA:136,1
LF:51
LH:32
end_of_record
SF:lib\company\views\splash_screen.dart
DA:9,1
DA:11,1
DA:13,1
DA:14,1
DA:15,1
DA:16,1
DA:18,1
DA:19,1
DA:21,1
DA:26,1
DA:29,1
DA:31,1
DA:32,1
DA:33,1
DA:34,1
DA:36,1
DA:38,0
DA:39,0
DA:41,1
DA:42,2
DA:43,1
DA:48,1
DA:51,1
DA:53,1
DA:54,1
DA:55,1
DA:56,1
DA:58,1
DA:59,0
DA:60,0
DA:62,1
DA:63,2
DA:64,1
LF:33
LH:29
end_of_record
SF:lib\company\views\test_results_company.dart
DA:11,1
DA:15,1
DA:17,1
DA:18,1
DA:19,1
DA:20,1
DA:21,2
DA:22,1
DA:23,1
DA:27,1
DA:30,2
DA:32,1
DA:33,1
DA:37,1
DA:38,1
DA:39,3
DA:40,1
DA:42,1
DA:43,1
DA:44,3
DA:45,1
DA:46,3
DA:47,4
DA:48,4
DA:49,1
DA:50,3
DA:51,1
DA:52,3
LF:28
LH:28
end_of_record
SF:lib\utils\candidate_project_data.dart
DA:6,1
DA:24,1
DA:26,1
DA:27,2
DA:28,1
DA:31,1
DA:33,1
DA:34,1
DA:36,1
DA:37,4
DA:39,1
DA:40,1
DA:41,0
DA:42,0
DA:43,0
DA:44,0
DA:45,0
DA:46,0
DA:48,0
DA:49,0
DA:52,0
DA:53,0
DA:54,0
DA:62,0
DA:63,0
DA:64,0
DA:66,0
DA:67,0
DA:68,0
DA:69,0
DA:71,0
DA:73,0
DA:74,0
DA:75,0
DA:76,0
DA:77,0
DA:81,0
DA:82,0
DA:86,0
DA:87,0
DA:88,0
DA:90,0
DA:91,0
DA:97,0
DA:100,0
DA:101,0
DA:112,4
LF:47
LH:13
end_of_record
SF:lib\company\services\company_service.dart
DA:8,1
DA:13,1
DA:14,1
DA:15,1
DA:16,2
DA:20,0
LF:6
LH:5
end_of_record
SF:lib\utils\performance_data.dart
DA:5,1
DA:10,1
DA:12,1
DA:13,2
DA:14,1
DA:17,1
DA:19,1
DA:20,1
DA:21,6
DA:22,1
DA:23,5
DA:25,1
DA:26,5
DA:28,6
DA:29,1
DA:30,5
LF:16
LH:16
end_of_record
SF:lib\company\views\performace_results.dart
DA:9,1
DA:13,1
DA:15,1
DA:16,1
DA:17,1
DA:18,1
DA:19,2
DA:20,1
DA:21,1
DA:25,1
DA:27,1
DA:29,1
DA:30,1
DA:34,1
DA:35,1
DA:36,1
DA:37,2
DA:38,1
DA:40,1
DA:41,1
DA:42,3
DA:43,1
DA:44,3
DA:45,1
DA:46,3
DA:47,4
DA:48,1
DA:49,3
LF:28
LH:28
end_of_record
SF:lib\utils\performance_data_evaluation.dart
DA:6,1
DA:17,1
DA:19,1
DA:20,2
DA:21,1
DA:24,1
DA:26,1
DA:27,1
DA:28,5
DA:29,1
DA:30,4
DA:32,1
DA:33,4
DA:35,5
DA:36,1
DA:37,4
DA:39,1
DA:40,1
DA:41,3
DA:42,0
DA:43,0
DA:44,0
DA:45,0
DA:46,0
DA:47,0
DA:49,0
DA:50,0
DA:53,0
DA:54,0
DA:61,0
DA:62,0
DA:63,0
DA:65,0
DA:66,0
DA:67,0
DA:68,0
DA:69,0
DA:71,0
DA:73,0
DA:74,0
DA:77,0
DA:78,0
DA:79,0
DA:80,0
DA:81,0
DA:83,0
DA:85,0
DA:86,0
DA:89,0
DA:90,0
DA:91,0
DA:92,0
DA:93,0
DA:95,0
DA:96,0
DA:97,0
DA:99,0
DA:100,0
DA:102,0
DA:106,0
DA:107,0
DA:108,0
DA:111,0
DA:113,0
DA:116,0
DA:118,0
DA:123,0
DA:124,0
DA:125,0
DA:126,0
DA:127,0
DA:129,0
DA:130,0
DA:133,0
DA:135,0
DA:136,0
DA:137,0
DA:138,0
DA:142,0
DA:143,0
DA:144,0
DA:155,4
LF:82
LH:20
end_of_record
SF:lib\company\views\signin_company.dart
DA:19,1
DA:28,1
DA:30,1
DA:31,1
DA:32,1
DA:33,1
DA:34,4
DA:35,1
DA:36,2
DA:39,1
DA:40,1
DA:41,1
DA:42,1
DA:43,1
DA:44,1
DA:45,1
DA:47,1
DA:48,1
DA:49,1
DA:50,2
DA:51,1
DA:58,1
DA:64,1
DA:65,1
DA:68,1
DA:70,1
DA:71,1
DA:72,1
DA:73,1
DA:80,1
DA:81,1
DA:84,1
DA:86,1
DA:88,1
DA:89,1
DA:90,1
DA:91,2
DA:92,2
DA:98,1
DA:99,1
DA:101,1
DA:103,1
DA:106,1
DA:107,3
DA:108,0
DA:110,0
DA:111,0
DA:112,0
DA:113,0
DA:115,0
DA:117,0
DA:118,0
DA:120,0
DA:121,0
DA:122,0
DA:124,0
DA:125,0
DA:128,0
DA:130,0
DA:133,3
DA:134,1
DA:137,1
DA:138,2
DA:139,1
LF:64
LH:49
end_of_record
SF:lib\utils\test_result_company_data.dart
DA:6,1
DA:17,1
DA:19,1
DA:20,2
DA:21,1
DA:24,1
DA:26,1
DA:27,1
DA:28,5
DA:29,1
DA:30,4
DA:32,1
DA:33,4
DA:35,5
DA:36,1
DA:37,4
DA:39,1
DA:40,1
DA:41,3
DA:42,0
DA:43,0
DA:44,0
DA:45,0
DA:46,0
DA:47,0
DA:49,0
DA:50,0
DA:53,0
DA:54,0
DA:61,0
DA:62,0
DA:63,0
DA:65,0
DA:66,0
DA:67,0
DA:68,0
DA:69,0
DA:71,0
DA:73,0
DA:74,0
DA:77,0
DA:78,0
DA:79,0
DA:80,0
DA:81,0
DA:83,0
DA:85,0
DA:86,0
DA:89,0
DA:90,0
DA:91,0
DA:92,0
DA:93,0
DA:95,0
DA:96,0
DA:97,0
DA:99,0
DA:100,0
DA:102,0
DA:106,0
DA:107,0
DA:108,0
DA:111,0
DA:113,0
DA:116,0
DA:118,0
DA:123,0
DA:124,0
DA:125,0
DA:126,0
DA:127,0
DA:129,0
DA:130,0
DA:133,0
DA:135,0
DA:136,0
DA:137,0
DA:138,0
DA:140,0
DA:141,0
DA:142,0
DA:143,0
DA:144,0
DA:147,0
DA:148,0
DA:149,0
DA:160,4
LF:87
LH:20
end_of_record
SF:lib\utils\test_util.dart
DA:3,6
DA:11,6
DA:12,6
DA:13,12
DA:14,24
DA:16,12
DA:17,24
DA:23,12
DA:25,0
LF:9
LH:8
end_of_record
